1584353190427	mozrunner::runner	INFO	Running command: "C:\\Program Files\\Firefox Developer Edition\\firefox.exe" "-marionette" "--headless" "window-size=500x1024" "Mozilla/5.0 (Windows NT 10.0; Win64; x64; rv:75.0) Gecko/20100101 Firefox/75.0" "-foreground" "-no-remote" "-profile" "C:\\Users\\shakk17\\AppData\\Local\\Temp\\rust_mozprofiledA7wA8"
*** You are running in headless mode.
1584353191417	addons.xpi-utils	WARN	addMetadata: Add-on uBlockOrigin@1.25.2 is invalid: Error: Invalid addon ID: expected addon ID uBlockOrigin@1.25.2, found uBlock0@raymondhill.net in manifest(resource://gre/modules/addons/XPIDatabase.jsm:2787:15) JS Stack trace: addMetadata@XPIDatabase.jsm:2787:15
processFileChanges@XPIDatabase.jsm:3218:26
checkForChanges@XPIProvider.jsm:2941:55
startup@XPIProvider.jsm:2395:12
callProvider@AddonManager.jsm:215:31
_startProvider@AddonManager.jsm:587:17
startup@AddonManager.jsm:811:14
startup@AddonManager.jsm:3482:26
observe@addonManager.js:87:29
1584353191596	addons.webextension.<unknown>	WARN	Loading extension 'null': Reading manifest: Warning processing storage: An unexpected property was found in the WebExtension manifest.
1584353191706	addons.webextension.doh-rollout@mozilla.org	WARN	Loading extension 'doh-rollout@mozilla.org': Reading manifest: Invalid extension permission: networkStatus
1584353191735	addons.webextension.screenshots@mozilla.org	WARN	Loading extension 'screenshots@mozilla.org': Reading manifest: Invalid extension permission: mozillaAddons
1584353191735	addons.webextension.screenshots@mozilla.org	WARN	Loading extension 'screenshots@mozilla.org': Reading manifest: Invalid extension permission: telemetry
1584353191735	addons.webextension.screenshots@mozilla.org	WARN	Loading extension 'screenshots@mozilla.org': Reading manifest: Invalid extension permission: resource://pdf.js/
1584353191735	addons.webextension.screenshots@mozilla.org	WARN	Loading extension 'screenshots@mozilla.org': Reading manifest: Invalid extension permission: about:reader*
JavaScript error: resource://gre/modules/XULStore.jsm, line 66: Error: Can't find profile directory.
JavaScript error: resource://gre/modules/XULStore.jsm, line 66: Error: Can't find profile directory.
1584353194386	Marionette	INFO	Listening on port 54498
1584353194473	addons.webextension.{d10d0bf8-f5b5-c8b4-a8b2-2b9879e08c5d}	WARN	Loading extension '{d10d0bf8-f5b5-c8b4-a8b2-2b9879e08c5d}': Reading manifest: Warning processing storage: An unexpected property was found in the WebExtension manifest.
1584353194542	Marionette	WARN	TLS certificate errors will be ignored for this session
1584353194554	Marionette	INFO	Proxy settings initialised: {"proxyType":"manual","httpProxy":"127.0.0.1:54479","noProxy":[],"sslProxy":"127.0.0.1:54479"}
JavaScript warning: moz-extension://82ede743-373c-4722-8e76-b5f721ab454a/lib/adblockplus.js, line 0: Successfully compiled asm.js code (total compilation time 2ms)
JavaScript error: moz-extension://82ede743-373c-4722-8e76-b5f721ab454a/lib/adblockplus.js, line 0: Error: frame.state is undefined
1584353920221	mozrunner::runner	INFO	Running command: "C:\\Program Files\\Firefox Developer Edition\\firefox.exe" "-marionette" "--headless" "window-size=500x1024" "Mozilla/5.0 (Windows NT 10.0; Win64; x64; rv:75.0) Gecko/20100101 Firefox/75.0" "-foreground" "-no-remote" "-profile" "C:\\Users\\shakk17\\AppData\\Local\\Temp\\rust_mozprofilem0RevP"
*** You are running in headless mode.
1584353920961	addons.xpi-utils	WARN	addMetadata: Add-on uBlockOrigin@1.25.2 is invalid: Error: Invalid addon ID: expected addon ID uBlockOrigin@1.25.2, found uBlock0@raymondhill.net in manifest(resource://gre/modules/addons/XPIDatabase.jsm:2787:15) JS Stack trace: addMetadata@XPIDatabase.jsm:2787:15
processFileChanges@XPIDatabase.jsm:3218:26
checkForChanges@XPIProvider.jsm:2941:55
startup@XPIProvider.jsm:2395:12
callProvider@AddonManager.jsm:215:31
_startProvider@AddonManager.jsm:587:17
startup@AddonManager.jsm:811:14
startup@AddonManager.jsm:3482:26
observe@addonManager.js:87:29
1584353921151	addons.webextension.<unknown>	WARN	Loading extension 'null': Reading manifest: Warning processing storage: An unexpected property was found in the WebExtension manifest.
1584353921262	addons.webextension.doh-rollout@mozilla.org	WARN	Loading extension 'doh-rollout@mozilla.org': Reading manifest: Invalid extension permission: networkStatus
1584353921275	addons.webextension.screenshots@mozilla.org	WARN	Loading extension 'screenshots@mozilla.org': Reading manifest: Invalid extension permission: mozillaAddons
1584353921275	addons.webextension.screenshots@mozilla.org	WARN	Loading extension 'screenshots@mozilla.org': Reading manifest: Invalid extension permission: telemetry
1584353921275	addons.webextension.screenshots@mozilla.org	WARN	Loading extension 'screenshots@mozilla.org': Reading manifest: Invalid extension permission: resource://pdf.js/
1584353921275	addons.webextension.screenshots@mozilla.org	WARN	Loading extension 'screenshots@mozilla.org': Reading manifest: Invalid extension permission: about:reader*
JavaScript error: resource://gre/modules/XULStore.jsm, line 66: Error: Can't find profile directory.
JavaScript error: resource://gre/modules/XULStore.jsm, line 66: Error: Can't find profile directory.
1584353923436	Marionette	INFO	Listening on port 56827
1584353923515	addons.webextension.{d10d0bf8-f5b5-c8b4-a8b2-2b9879e08c5d}	WARN	Loading extension '{d10d0bf8-f5b5-c8b4-a8b2-2b9879e08c5d}': Reading manifest: Warning processing storage: An unexpected property was found in the WebExtension manifest.
JavaScript error: moz-extension://7617d8d4-43fa-45b6-88fb-ce43e7286f56/include.preload.js, line 560: TypeError: response is undefined
JavaScript warning: moz-extension://7617d8d4-43fa-45b6-88fb-ce43e7286f56/lib/adblockplus.js, line 0: Successfully compiled asm.js code (total compilation time 2ms)
1584353923894	Marionette	WARN	TLS certificate errors will be ignored for this session
1584353923910	Marionette	INFO	Proxy settings initialised: {"proxyType":"manual","httpProxy":"127.0.0.1:56811","noProxy":[],"sslProxy":"127.0.0.1:56811"}
JavaScript error: resource://gre/modules/NetworkGeolocationProvider.jsm, line 555: TypeError: xhr.response.location is undefined
JavaScript error: resource://gre/modules/WebNavigationContent.js, line 271: NS_NOINTERFACE: Component returned failure code: 0x80004002 (NS_NOINTERFACE) [nsIWebProgress.DOMWindow]
JavaScript error: resource://gre/modules/WebNavigationContent.js, line 271: NS_NOINTERFACE: Component returned failure code: 0x80004002 (NS_NOINTERFACE) [nsIWebProgress.DOMWindow]
